{"/home/sidhaj/Documents/training/storybook-apps/blinkistNew/src/App.tsx": {"path":"/home/sidhaj/Documents/training/storybook-apps/blinkistNew/src/App.tsx","statementMap":{"0":{"start":{"line":9,"column":2},"end":{"line":20,"column":4}}},"fnMap":{"0":{"name":"App","decl":{"start":{"line":8,"column":9},"end":{"line":8,"column":12}},"loc":{"start":{"line":8,"column":15},"end":{"line":21,"column":1}},"line":8}},"branchMap":{},"s":{"0":0},"f":{"0":0},"b":{}}
,"/home/sidhaj/Documents/training/storybook-apps/blinkistNew/src/index.tsx": {"path":"/home/sidhaj/Documents/training/storybook-apps/blinkistNew/src/index.tsx","statementMap":{"0":{"start":{"line":7,"column":0},"end":{"line":12,"column":2}},"1":{"start":{"line":17,"column":0},"end":{"line":17,"column":18}}},"fnMap":{},"branchMap":{},"s":{"0":0,"1":0},"f":{},"b":{}}
,"/home/sidhaj/Documents/training/storybook-apps/blinkistNew/src/react-app-env.d.ts": {"path":"/home/sidhaj/Documents/training/storybook-apps/blinkistNew/src/react-app-env.d.ts","statementMap":{},"fnMap":{},"branchMap":{},"s":{},"f":{},"b":{}}
,"/home/sidhaj/Documents/training/storybook-apps/blinkistNew/src/reportWebVitals.ts": {"path":"/home/sidhaj/Documents/training/storybook-apps/blinkistNew/src/reportWebVitals.ts","statementMap":{"0":{"start":{"line":3,"column":24},"end":{"line":13,"column":1}},"1":{"start":{"line":4,"column":2},"end":{"line":12,"column":3}},"2":{"start":{"line":5,"column":4},"end":{"line":11,"column":7}},"3":{"start":{"line":6,"column":6},"end":{"line":6,"column":26}},"4":{"start":{"line":7,"column":6},"end":{"line":7,"column":26}},"5":{"start":{"line":8,"column":6},"end":{"line":8,"column":26}},"6":{"start":{"line":9,"column":6},"end":{"line":9,"column":26}},"7":{"start":{"line":10,"column":6},"end":{"line":10,"column":27}}},"fnMap":{"0":{"name":"(anonymous_0)","decl":{"start":{"line":3,"column":24},"end":{"line":3,"column":25}},"loc":{"start":{"line":3,"column":57},"end":{"line":13,"column":1}},"line":3},"1":{"name":"(anonymous_1)","decl":{"start":{"line":5,"column":30},"end":{"line":5,"column":31}},"loc":{"start":{"line":5,"column":79},"end":{"line":11,"column":5}},"line":5}},"branchMap":{"0":{"loc":{"start":{"line":4,"column":2},"end":{"line":12,"column":3}},"type":"if","locations":[{"start":{"line":4,"column":2},"end":{"line":12,"column":3}},{"start":{},"end":{}}],"line":4},"1":{"loc":{"start":{"line":4,"column":6},"end":{"line":4,"column":52}},"type":"binary-expr","locations":[{"start":{"line":4,"column":6},"end":{"line":4,"column":17}},{"start":{"line":4,"column":21},"end":{"line":4,"column":52}}],"line":4}},"s":{"0":0,"1":0,"2":0,"3":0,"4":0,"5":0,"6":0,"7":0},"f":{"0":0,"1":0},"b":{"0":[0,0],"1":[0,0]}}
,"/home/sidhaj/Documents/training/storybook-apps/blinkistNew/src/components/atoms/BookCoverImage/index.stories.tsx": {"path":"/home/sidhaj/Documents/training/storybook-apps/blinkistNew/src/components/atoms/BookCoverImage/index.stories.tsx","statementMap":{"0":{"start":{"line":10,"column":52},"end":{"line":12,"column":1}},"1":{"start":{"line":11,"column":2},"end":{"line":11,"column":26}},"2":{"start":{"line":15,"column":2},"end":{"line":15,"column":19}},"3":{"start":{"line":16,"column":0},"end":{"line":19,"column":2}}},"fnMap":{"0":{"name":"(anonymous_0)","decl":{"start":{"line":10,"column":52},"end":{"line":10,"column":53}},"loc":{"start":{"line":11,"column":2},"end":{"line":11,"column":26}},"line":11}},"branchMap":{},"s":{"0":0,"1":0,"2":0,"3":0},"f":{"0":0},"b":{}}
,"/home/sidhaj/Documents/training/storybook-apps/blinkistNew/src/components/atoms/BookCoverImage/index.tsx": {"path":"/home/sidhaj/Documents/training/storybook-apps/blinkistNew/src/components/atoms/BookCoverImage/index.tsx","statementMap":{"0":{"start":{"line":6,"column":46},"end":{"line":16,"column":1}},"1":{"start":{"line":7,"column":2},"end":{"line":15,"column":4}}},"fnMap":{"0":{"name":"(anonymous_0)","decl":{"start":{"line":6,"column":46},"end":{"line":6,"column":47}},"loc":{"start":{"line":6,"column":57},"end":{"line":16,"column":1}},"line":6}},"branchMap":{},"s":{"0":2,"1":5},"f":{"0":5},"b":{},"_coverageSchema":"1a1c01bbd47fc00a2c39e90264f33305004495a9","hash":"852d26985c2d91b30756049bcb4f2972c1f51916"}
,"/home/sidhaj/Documents/training/storybook-apps/blinkistNew/src/components/atoms/Button/index.stories.tsx": {"path":"/home/sidhaj/Documents/training/storybook-apps/blinkistNew/src/components/atoms/Button/index.stories.tsx","statementMap":{"0":{"start":{"line":13,"column":16},"end":{"line":13,"column":27}},"1":{"start":{"line":14,"column":18},"end":{"line":14,"column":56}},"2":{"start":{"line":16,"column":65},"end":{"line":27,"column":1}},"3":{"start":{"line":17,"column":2},"end":{"line":26,"column":8}},"4":{"start":{"line":29,"column":63},"end":{"line":33,"column":1}},"5":{"start":{"line":30,"column":2},"end":{"line":32,"column":17}},"6":{"start":{"line":35,"column":60},"end":{"line":41,"column":1}},"7":{"start":{"line":36,"column":2},"end":{"line":40,"column":17}},"8":{"start":{"line":43,"column":68},"end":{"line":49,"column":1}},"9":{"start":{"line":44,"column":2},"end":{"line":48,"column":17}}},"fnMap":{"0":{"name":"(anonymous_0)","decl":{"start":{"line":16,"column":65},"end":{"line":16,"column":66}},"loc":{"start":{"line":17,"column":2},"end":{"line":26,"column":8}},"line":17},"1":{"name":"(anonymous_1)","decl":{"start":{"line":29,"column":63},"end":{"line":29,"column":64}},"loc":{"start":{"line":30,"column":2},"end":{"line":32,"column":17}},"line":30},"2":{"name":"(anonymous_2)","decl":{"start":{"line":35,"column":60},"end":{"line":35,"column":61}},"loc":{"start":{"line":36,"column":2},"end":{"line":40,"column":17}},"line":36},"3":{"name":"(anonymous_3)","decl":{"start":{"line":43,"column":68},"end":{"line":43,"column":69}},"loc":{"start":{"line":44,"column":2},"end":{"line":48,"column":17}},"line":44}},"branchMap":{},"s":{"0":0,"1":0,"2":0,"3":0,"4":0,"5":0,"6":0,"7":0,"8":0,"9":0},"f":{"0":0,"1":0,"2":0,"3":0},"b":{}}
,"/home/sidhaj/Documents/training/storybook-apps/blinkistNew/src/components/atoms/Button/index.tsx": {"path":"/home/sidhaj/Documents/training/storybook-apps/blinkistNew/src/components/atoms/Button/index.tsx","statementMap":{"0":{"start":{"line":5,"column":18},"end":{"line":28,"column":2}},"1":{"start":{"line":44,"column":21},"end":{"line":77,"column":1}},"2":{"start":{"line":45,"column":23},"end":{"line":45,"column":34}},"3":{"start":{"line":57,"column":6},"end":{"line":57,"column":11}},"4":{"start":{"line":59,"column":2},"end":{"line":76,"column":4}}},"fnMap":{"0":{"name":"(anonymous_0)","decl":{"start":{"line":44,"column":21},"end":{"line":44,"column":22}},"loc":{"start":{"line":44,"column":45},"end":{"line":77,"column":1}},"line":44}},"branchMap":{"0":{"loc":{"start":{"line":47,"column":4},"end":{"line":47,"column":25}},"type":"default-arg","locations":[{"start":{"line":47,"column":14},"end":{"line":47,"column":25}}],"line":47},"1":{"loc":{"start":{"line":63,"column":17},"end":{"line":63,"column":64}},"type":"cond-expr","locations":[{"start":{"line":63,"column":29},"end":{"line":63,"column":52}},{"start":{"line":63,"column":55},"end":{"line":63,"column":64}}],"line":63}},"s":{"0":7,"1":7,"2":50,"3":50,"4":50},"f":{"0":50},"b":{"0":[1],"1":[37,13]},"_coverageSchema":"1a1c01bbd47fc00a2c39e90264f33305004495a9","hash":"a520f24c1fce58a38ed335334bd3fab3ff74d0bf"}
,"/home/sidhaj/Documents/training/storybook-apps/blinkistNew/src/components/atoms/Icon/index.stories.tsx": {"path":"/home/sidhaj/Documents/training/storybook-apps/blinkistNew/src/components/atoms/Icon/index.stories.tsx","statementMap":{"0":{"start":{"line":10,"column":46},"end":{"line":10,"column":74}},"1":{"start":{"line":10,"column":56},"end":{"line":10,"column":74}},"2":{"start":{"line":12,"column":54},"end":{"line":12,"column":71}},"3":{"start":{"line":13,"column":0},"end":{"line":16,"column":2}}},"fnMap":{"0":{"name":"(anonymous_0)","decl":{"start":{"line":10,"column":46},"end":{"line":10,"column":47}},"loc":{"start":{"line":10,"column":56},"end":{"line":10,"column":74}},"line":10}},"branchMap":{},"s":{"0":0,"1":0,"2":0,"3":0},"f":{"0":0},"b":{}}
,"/home/sidhaj/Documents/training/storybook-apps/blinkistNew/src/components/atoms/Icon/index.tsx": {"path":"/home/sidhaj/Documents/training/storybook-apps/blinkistNew/src/components/atoms/Icon/index.tsx","statementMap":{"0":{"start":{"line":7,"column":34},"end":{"line":16,"column":1}},"1":{"start":{"line":8,"column":2},"end":{"line":15,"column":4}}},"fnMap":{"0":{"name":"(anonymous_0)","decl":{"start":{"line":7,"column":34},"end":{"line":7,"column":35}},"loc":{"start":{"line":7,"column":45},"end":{"line":16,"column":1}},"line":7}},"branchMap":{},"s":{"0":10,"1":243},"f":{"0":243},"b":{},"_coverageSchema":"1a1c01bbd47fc00a2c39e90264f33305004495a9","hash":"9903503f451ec9a6efb8354f35c3ae7b67eea911"}
,"/home/sidhaj/Documents/training/storybook-apps/blinkistNew/src/components/atoms/Logo/index.stories.tsx": {"path":"/home/sidhaj/Documents/training/storybook-apps/blinkistNew/src/components/atoms/Logo/index.stories.tsx","statementMap":{"0":{"start":{"line":10,"column":46},"end":{"line":10,"column":74}},"1":{"start":{"line":10,"column":56},"end":{"line":10,"column":74}},"2":{"start":{"line":12,"column":57},"end":{"line":12,"column":74}},"3":{"start":{"line":13,"column":0},"end":{"line":16,"column":2}}},"fnMap":{"0":{"name":"(anonymous_0)","decl":{"start":{"line":10,"column":46},"end":{"line":10,"column":47}},"loc":{"start":{"line":10,"column":56},"end":{"line":10,"column":74}},"line":10}},"branchMap":{},"s":{"0":0,"1":0,"2":0,"3":0},"f":{"0":0},"b":{}}
,"/home/sidhaj/Documents/training/storybook-apps/blinkistNew/src/components/atoms/Logo/index.tsx": {"path":"/home/sidhaj/Documents/training/storybook-apps/blinkistNew/src/components/atoms/Logo/index.tsx","statementMap":{"0":{"start":{"line":7,"column":34},"end":{"line":17,"column":1}},"1":{"start":{"line":8,"column":2},"end":{"line":16,"column":4}}},"fnMap":{"0":{"name":"(anonymous_0)","decl":{"start":{"line":7,"column":34},"end":{"line":7,"column":35}},"loc":{"start":{"line":7,"column":45},"end":{"line":17,"column":1}},"line":7}},"branchMap":{},"s":{"0":7,"1":62},"f":{"0":62},"b":{},"_coverageSchema":"1a1c01bbd47fc00a2c39e90264f33305004495a9","hash":"26347e5b8b3aebc4c1bf1920800feba9ccb4e551"}
,"/home/sidhaj/Documents/training/storybook-apps/blinkistNew/src/components/atoms/ProgressBar/index.stories.tsx": {"path":"/home/sidhaj/Documents/training/storybook-apps/blinkistNew/src/components/atoms/ProgressBar/index.stories.tsx","statementMap":{"0":{"start":{"line":10,"column":53},"end":{"line":14,"column":1}},"1":{"start":{"line":11,"column":2},"end":{"line":13,"column":8}},"2":{"start":{"line":16,"column":63},"end":{"line":18,"column":1}},"3":{"start":{"line":19,"column":0},"end":{"line":21,"column":2}}},"fnMap":{"0":{"name":"(anonymous_0)","decl":{"start":{"line":10,"column":53},"end":{"line":10,"column":54}},"loc":{"start":{"line":11,"column":2},"end":{"line":13,"column":8}},"line":11}},"branchMap":{},"s":{"0":0,"1":0,"2":0,"3":0},"f":{"0":0},"b":{}}
,"/home/sidhaj/Documents/training/storybook-apps/blinkistNew/src/components/atoms/ProgressBar/index.tsx": {"path":"/home/sidhaj/Documents/training/storybook-apps/blinkistNew/src/components/atoms/ProgressBar/index.tsx","statementMap":{"0":{"start":{"line":8,"column":48},"end":{"line":27,"column":1}},"1":{"start":{"line":9,"column":2},"end":{"line":26,"column":4}}},"fnMap":{"0":{"name":"(anonymous_0)","decl":{"start":{"line":8,"column":48},"end":{"line":8,"column":49}},"loc":{"start":{"line":8,"column":59},"end":{"line":27,"column":1}},"line":8}},"branchMap":{"0":{"loc":{"start":{"line":20,"column":20},"end":{"line":20,"column":57}},"type":"cond-expr","locations":[{"start":{"line":20,"column":37},"end":{"line":20,"column":51}},{"start":{"line":20,"column":54},"end":{"line":20,"column":57}}],"line":20}},"s":{"0":5,"1":9},"f":{"0":9},"b":{"0":[9,0]},"_coverageSchema":"1a1c01bbd47fc00a2c39e90264f33305004495a9","hash":"c9eba111b406bf7800cfc32fd59995897af4790f"}
,"/home/sidhaj/Documents/training/storybook-apps/blinkistNew/src/components/atoms/Typography/index.stories.tsx": {"path":"/home/sidhaj/Documents/training/storybook-apps/blinkistNew/src/components/atoms/Typography/index.stories.tsx","statementMap":{"0":{"start":{"line":31,"column":56},"end":{"line":33,"column":1}},"1":{"start":{"line":32,"column":2},"end":{"line":32,"column":30}},"2":{"start":{"line":35,"column":23},"end":{"line":35,"column":40}},"3":{"start":{"line":36,"column":0},"end":{"line":40,"column":2}}},"fnMap":{"0":{"name":"(anonymous_0)","decl":{"start":{"line":31,"column":56},"end":{"line":31,"column":57}},"loc":{"start":{"line":32,"column":2},"end":{"line":32,"column":30}},"line":32}},"branchMap":{},"s":{"0":0,"1":0,"2":0,"3":0},"f":{"0":0},"b":{}}
,"/home/sidhaj/Documents/training/storybook-apps/blinkistNew/src/components/atoms/Typography/index.tsx": {"path":"/home/sidhaj/Documents/training/storybook-apps/blinkistNew/src/components/atoms/Typography/index.tsx","statementMap":{"0":{"start":{"line":24,"column":54},"end":{"line":46,"column":1}},"1":{"start":{"line":33,"column":6},"end":{"line":33,"column":11}},"2":{"start":{"line":34,"column":2},"end":{"line":45,"column":4}}},"fnMap":{"0":{"name":"(anonymous_0)","decl":{"start":{"line":24,"column":54},"end":{"line":24,"column":55}},"loc":{"start":{"line":24,"column":65},"end":{"line":46,"column":1}},"line":24}},"branchMap":{"0":{"loc":{"start":{"line":26,"column":4},"end":{"line":26,"column":23}},"type":"default-arg","locations":[{"start":{"line":26,"column":14},"end":{"line":26,"column":23}}],"line":26}},"s":{"0":12,"1":537,"2":537},"f":{"0":537},"b":{"0":[1]},"_coverageSchema":"1a1c01bbd47fc00a2c39e90264f33305004495a9","hash":"0799a1ccf9b6d87d8cdf93751589ecab8eed9aae"}
,"/home/sidhaj/Documents/training/storybook-apps/blinkistNew/src/components/molecules/AvatarWithIcon/index.stories.tsx": {"path":"/home/sidhaj/Documents/training/storybook-apps/blinkistNew/src/components/molecules/AvatarWithIcon/index.stories.tsx","statementMap":{"0":{"start":{"line":13,"column":61},"end":{"line":15,"column":1}},"1":{"start":{"line":14,"column":2},"end":{"line":14,"column":36}}},"fnMap":{"0":{"name":"(anonymous_0)","decl":{"start":{"line":13,"column":61},"end":{"line":13,"column":62}},"loc":{"start":{"line":14,"column":2},"end":{"line":14,"column":36}},"line":14}},"branchMap":{},"s":{"0":0,"1":0},"f":{"0":0},"b":{}}
,"/home/sidhaj/Documents/training/storybook-apps/blinkistNew/src/components/molecules/AvatarWithIcon/index.tsx": {"path":"/home/sidhaj/Documents/training/storybook-apps/blinkistNew/src/components/molecules/AvatarWithIcon/index.tsx","statementMap":{"0":{"start":{"line":11,"column":18},"end":{"line":16,"column":2}},"1":{"start":{"line":18,"column":54},"end":{"line":36,"column":1}},"2":{"start":{"line":19,"column":23},"end":{"line":19,"column":34}},"3":{"start":{"line":20,"column":47},"end":{"line":20,"column":52}},"4":{"start":{"line":21,"column":2},"end":{"line":35,"column":4}}},"fnMap":{"0":{"name":"(anonymous_0)","decl":{"start":{"line":18,"column":54},"end":{"line":18,"column":55}},"loc":{"start":{"line":18,"column":65},"end":{"line":36,"column":1}},"line":18}},"branchMap":{},"s":{"0":5,"1":5,"2":27,"3":27,"4":27},"f":{"0":27},"b":{},"_coverageSchema":"1a1c01bbd47fc00a2c39e90264f33305004495a9","hash":"fa27ef77f78f5a64249f99a82f0d76c78bd7f260"}
,"/home/sidhaj/Documents/training/storybook-apps/blinkistNew/src/components/molecules/Banner/index.stories.tsx": {"path":"/home/sidhaj/Documents/training/storybook-apps/blinkistNew/src/components/molecules/Banner/index.stories.tsx","statementMap":{"0":{"start":{"line":9,"column":52},"end":{"line":11,"column":1}},"1":{"start":{"line":10,"column":2},"end":{"line":10,"column":26}},"2":{"start":{"line":13,"column":26},"end":{"line":13,"column":43}},"3":{"start":{"line":14,"column":0},"end":{"line":14,"column":21}}},"fnMap":{"0":{"name":"(anonymous_0)","decl":{"start":{"line":9,"column":52},"end":{"line":9,"column":53}},"loc":{"start":{"line":10,"column":2},"end":{"line":10,"column":26}},"line":10}},"branchMap":{},"s":{"0":0,"1":0,"2":0,"3":0},"f":{"0":0},"b":{}}
,"/home/sidhaj/Documents/training/storybook-apps/blinkistNew/src/components/molecules/Banner/index.tsx": {"path":"/home/sidhaj/Documents/training/storybook-apps/blinkistNew/src/components/molecules/Banner/index.tsx","statementMap":{"0":{"start":{"line":11,"column":46},"end":{"line":52,"column":1}},"1":{"start":{"line":12,"column":2},"end":{"line":51,"column":4}}},"fnMap":{"0":{"name":"(anonymous_0)","decl":{"start":{"line":11,"column":46},"end":{"line":11,"column":47}},"loc":{"start":{"line":11,"column":57},"end":{"line":52,"column":1}},"line":11}},"branchMap":{},"s":{"0":2,"1":11},"f":{"0":11},"b":{},"_coverageSchema":"1a1c01bbd47fc00a2c39e90264f33305004495a9","hash":"da711984a883679c8d402d5644ce4f6a4bc6ca82"}
,"/home/sidhaj/Documents/training/storybook-apps/blinkistNew/src/components/molecules/NavSection/index.stories.tsx": {"path":"/home/sidhaj/Documents/training/storybook-apps/blinkistNew/src/components/molecules/NavSection/index.stories.tsx","statementMap":{"0":{"start":{"line":8,"column":40},"end":{"line":23,"column":1}},"1":{"start":{"line":30,"column":52},"end":{"line":32,"column":1}},"2":{"start":{"line":31,"column":2},"end":{"line":31,"column":26}},"3":{"start":{"line":34,"column":26},"end":{"line":34,"column":43}},"4":{"start":{"line":35,"column":0},"end":{"line":37,"column":2}}},"fnMap":{"0":{"name":"(anonymous_0)","decl":{"start":{"line":30,"column":52},"end":{"line":30,"column":53}},"loc":{"start":{"line":31,"column":2},"end":{"line":31,"column":26}},"line":31}},"branchMap":{},"s":{"0":0,"1":0,"2":0,"3":0,"4":0},"f":{"0":0},"b":{}}
,"/home/sidhaj/Documents/training/storybook-apps/blinkistNew/src/components/molecules/NavSection/index.tsx": {"path":"/home/sidhaj/Documents/training/storybook-apps/blinkistNew/src/components/molecules/NavSection/index.tsx","statementMap":{"0":{"start":{"line":14,"column":46},"end":{"line":51,"column":1}},"1":{"start":{"line":15,"column":38},"end":{"line":15,"column":43}},"2":{"start":{"line":16,"column":36},"end":{"line":16,"column":62}},"3":{"start":{"line":17,"column":2},"end":{"line":50,"column":4}},"4":{"start":{"line":20,"column":8},"end":{"line":47,"column":15}},"5":{"start":{"line":32,"column":14},"end":{"line":44,"column":19}}},"fnMap":{"0":{"name":"(anonymous_0)","decl":{"start":{"line":14,"column":46},"end":{"line":14,"column":47}},"loc":{"start":{"line":14,"column":57},"end":{"line":51,"column":1}},"line":14},"1":{"name":"(anonymous_1)","decl":{"start":{"line":19,"column":33},"end":{"line":19,"column":34}},"loc":{"start":{"line":20,"column":8},"end":{"line":47,"column":15}},"line":20},"2":{"name":"(anonymous_2)","decl":{"start":{"line":31,"column":32},"end":{"line":31,"column":33}},"loc":{"start":{"line":32,"column":14},"end":{"line":44,"column":19}},"line":32}},"branchMap":{},"s":{"0":5,"1":26,"2":26,"3":26,"4":6,"5":26},"f":{"0":26,"1":6,"2":26},"b":{},"_coverageSchema":"1a1c01bbd47fc00a2c39e90264f33305004495a9","hash":"442217e642841c8b12b488a9e2ff75e07410d616"}
,"/home/sidhaj/Documents/training/storybook-apps/blinkistNew/src/components/molecules/Search Bar/index.stories.tsx": {"path":"/home/sidhaj/Documents/training/storybook-apps/blinkistNew/src/components/molecules/Search Bar/index.stories.tsx","statementMap":{"0":{"start":{"line":9,"column":51},"end":{"line":11,"column":1}},"1":{"start":{"line":10,"column":2},"end":{"line":10,"column":25}},"2":{"start":{"line":13,"column":22},"end":{"line":13,"column":39}},"3":{"start":{"line":14,"column":0},"end":{"line":14,"column":17}}},"fnMap":{"0":{"name":"(anonymous_0)","decl":{"start":{"line":9,"column":51},"end":{"line":9,"column":52}},"loc":{"start":{"line":10,"column":2},"end":{"line":10,"column":25}},"line":10}},"branchMap":{},"s":{"0":0,"1":0,"2":0,"3":0},"f":{"0":0},"b":{}}
,"/home/sidhaj/Documents/training/storybook-apps/blinkistNew/src/components/molecules/Search Bar/index.tsx": {"path":"/home/sidhaj/Documents/training/storybook-apps/blinkistNew/src/components/molecules/Search Bar/index.tsx","statementMap":{"0":{"start":{"line":10,"column":44},"end":{"line":28,"column":1}},"1":{"start":{"line":11,"column":2},"end":{"line":27,"column":4}}},"fnMap":{"0":{"name":"(anonymous_0)","decl":{"start":{"line":10,"column":44},"end":{"line":10,"column":45}},"loc":{"start":{"line":10,"column":55},"end":{"line":28,"column":1}},"line":10}},"branchMap":{},"s":{"0":2,"1":12},"f":{"0":12},"b":{},"_coverageSchema":"1a1c01bbd47fc00a2c39e90264f33305004495a9","hash":"6c5e55ca541a56fa06574bce241f92a8e0381c5c"}
,"/home/sidhaj/Documents/training/storybook-apps/blinkistNew/src/components/molecules/Tabs/index.stories.tsx": {"path":"/home/sidhaj/Documents/training/storybook-apps/blinkistNew/src/components/molecules/Tabs/index.stories.tsx","statementMap":{"0":{"start":{"line":18,"column":27},"end":{"line":18,"column":56}},"1":{"start":{"line":18,"column":33},"end":{"line":18,"column":56}},"2":{"start":{"line":19,"column":27},"end":{"line":19,"column":56}},"3":{"start":{"line":19,"column":33},"end":{"line":19,"column":56}},"4":{"start":{"line":21,"column":52},"end":{"line":23,"column":1}},"5":{"start":{"line":22,"column":2},"end":{"line":22,"column":26}},"6":{"start":{"line":25,"column":20},"end":{"line":25,"column":37}},"7":{"start":{"line":26,"column":0},"end":{"line":30,"column":2}}},"fnMap":{"0":{"name":"(anonymous_0)","decl":{"start":{"line":18,"column":27},"end":{"line":18,"column":28}},"loc":{"start":{"line":18,"column":33},"end":{"line":18,"column":56}},"line":18},"1":{"name":"(anonymous_1)","decl":{"start":{"line":19,"column":27},"end":{"line":19,"column":28}},"loc":{"start":{"line":19,"column":33},"end":{"line":19,"column":56}},"line":19},"2":{"name":"(anonymous_2)","decl":{"start":{"line":21,"column":52},"end":{"line":21,"column":53}},"loc":{"start":{"line":22,"column":2},"end":{"line":22,"column":26}},"line":22}},"branchMap":{},"s":{"0":0,"1":0,"2":0,"3":0,"4":0,"5":0,"6":0,"7":0},"f":{"0":0,"1":0,"2":0},"b":{}}
,"/home/sidhaj/Documents/training/storybook-apps/blinkistNew/src/components/molecules/Tabs/index.tsx": {"path":"/home/sidhaj/Documents/training/storybook-apps/blinkistNew/src/components/molecules/Tabs/index.tsx","statementMap":{"0":{"start":{"line":20,"column":18},"end":{"line":25,"column":1}},"1":{"start":{"line":27,"column":23},"end":{"line":30,"column":1}},"2":{"start":{"line":32,"column":46},"end":{"line":66,"column":1}},"3":{"start":{"line":33,"column":63},"end":{"line":33,"column":68}},"4":{"start":{"line":34,"column":2},"end":{"line":34,"column":29}},"5":{"start":{"line":35,"column":34},"end":{"line":35,"column":53}},"6":{"start":{"line":37,"column":23},"end":{"line":39,"column":3}},"7":{"start":{"line":38,"column":4},"end":{"line":38,"column":26}},"8":{"start":{"line":40,"column":2},"end":{"line":65,"column":4}},"9":{"start":{"line":47,"column":16},"end":{"line":53,"column":18}},"10":{"start":{"line":58,"column":12},"end":{"line":60,"column":23}}},"fnMap":{"0":{"name":"(anonymous_0)","decl":{"start":{"line":32,"column":46},"end":{"line":32,"column":47}},"loc":{"start":{"line":32,"column":57},"end":{"line":66,"column":1}},"line":32},"1":{"name":"(anonymous_1)","decl":{"start":{"line":37,"column":23},"end":{"line":37,"column":24}},"loc":{"start":{"line":37,"column":74},"end":{"line":39,"column":3}},"line":37},"2":{"name":"(anonymous_2)","decl":{"start":{"line":46,"column":26},"end":{"line":46,"column":27}},"loc":{"start":{"line":47,"column":16},"end":{"line":53,"column":18}},"line":47},"3":{"name":"(anonymous_3)","decl":{"start":{"line":57,"column":24},"end":{"line":57,"column":25}},"loc":{"start":{"line":58,"column":12},"end":{"line":60,"column":23}},"line":58}},"branchMap":{},"s":{"0":3,"1":3,"2":3,"3":16,"4":16,"5":16,"6":16,"7":2,"8":16,"9":36,"10":36},"f":{"0":16,"1":2,"2":36,"3":36},"b":{},"_coverageSchema":"1a1c01bbd47fc00a2c39e90264f33305004495a9","hash":"bad9befcee5e22e2f5d41c75cd94102df73bcb70"}
,"/home/sidhaj/Documents/training/storybook-apps/blinkistNew/src/components/molecules/TextWithIcon/index.stories.tsx": {"path":"/home/sidhaj/Documents/training/storybook-apps/blinkistNew/src/components/molecules/TextWithIcon/index.stories.tsx","statementMap":{"0":{"start":{"line":10,"column":50},"end":{"line":12,"column":1}},"1":{"start":{"line":11,"column":2},"end":{"line":11,"column":24}},"2":{"start":{"line":14,"column":57},"end":{"line":14,"column":74}},"3":{"start":{"line":15,"column":0},"end":{"line":22,"column":2}}},"fnMap":{"0":{"name":"(anonymous_0)","decl":{"start":{"line":10,"column":50},"end":{"line":10,"column":51}},"loc":{"start":{"line":11,"column":2},"end":{"line":11,"column":24}},"line":11}},"branchMap":{},"s":{"0":0,"1":0,"2":0,"3":0},"f":{"0":0},"b":{}}
,"/home/sidhaj/Documents/training/storybook-apps/blinkistNew/src/components/molecules/TextWithIcon/index.tsx": {"path":"/home/sidhaj/Documents/training/storybook-apps/blinkistNew/src/components/molecules/TextWithIcon/index.tsx","statementMap":{"0":{"start":{"line":26,"column":50},"end":{"line":59,"column":1}},"1":{"start":{"line":27,"column":2},"end":{"line":58,"column":4}}},"fnMap":{"0":{"name":"(anonymous_0)","decl":{"start":{"line":26,"column":50},"end":{"line":26,"column":51}},"loc":{"start":{"line":26,"column":61},"end":{"line":59,"column":1}},"line":26}},"branchMap":{"0":{"loc":{"start":{"line":32,"column":7},"end":{"line":38,"column":14}},"type":"cond-expr","locations":[{"start":{"line":33,"column":8},"end":{"line":37,"column":10}},{"start":{"line":38,"column":10},"end":{"line":38,"column":14}}],"line":32},"1":{"loc":{"start":{"line":46,"column":7},"end":{"line":56,"column":14}},"type":"cond-expr","locations":[{"start":{"line":47,"column":8},"end":{"line":55,"column":10}},{"start":{"line":56,"column":10},"end":{"line":56,"column":14}}],"line":46}},"s":{"0":1,"1":2},"f":{"0":2},"b":{"0":[1,1],"1":[1,1]},"_coverageSchema":"1a1c01bbd47fc00a2c39e90264f33305004495a9","hash":"8be895e14a9c60d0e904ffe5234b713b8119faf5"}
,"/home/sidhaj/Documents/training/storybook-apps/blinkistNew/src/components/organisms/BookCard/index.stories.tsx": {"path":"/home/sidhaj/Documents/training/storybook-apps/blinkistNew/src/components/organisms/BookCard/index.stories.tsx","statementMap":{"0":{"start":{"line":22,"column":50},"end":{"line":24,"column":1}},"1":{"start":{"line":23,"column":2},"end":{"line":23,"column":24}},"2":{"start":{"line":26,"column":23},"end":{"line":26,"column":40}},"3":{"start":{"line":27,"column":0},"end":{"line":34,"column":2}}},"fnMap":{"0":{"name":"(anonymous_0)","decl":{"start":{"line":22,"column":50},"end":{"line":22,"column":51}},"loc":{"start":{"line":23,"column":2},"end":{"line":23,"column":24}},"line":23}},"branchMap":{},"s":{"0":0,"1":0,"2":0,"3":0},"f":{"0":0},"b":{}}
,"/home/sidhaj/Documents/training/storybook-apps/blinkistNew/src/components/organisms/BookCard/index.tsx": {"path":"/home/sidhaj/Documents/training/storybook-apps/blinkistNew/src/components/organisms/BookCard/index.tsx","statementMap":{"0":{"start":{"line":12,"column":18},"end":{"line":26,"column":2}},"1":{"start":{"line":40,"column":23},"end":{"line":40,"column":34}},"2":{"start":{"line":50,"column":6},"end":{"line":50,"column":11}},"3":{"start":{"line":51,"column":2},"end":{"line":170,"column":4}}},"fnMap":{"0":{"name":"BookCard","decl":{"start":{"line":39,"column":16},"end":{"line":39,"column":24}},"loc":{"start":{"line":39,"column":47},"end":{"line":171,"column":1}},"line":39}},"branchMap":{"0":{"loc":{"start":{"line":102,"column":13},"end":{"line":121,"column":13}},"type":"cond-expr","locations":[{"start":{"line":103,"column":14},"end":{"line":118,"column":20}},{"start":{"line":120,"column":14},"end":{"line":120,"column":16}}],"line":102},"1":{"loc":{"start":{"line":123,"column":11},"end":{"line":142,"column":11}},"type":"cond-expr","locations":[{"start":{"line":124,"column":12},"end":{"line":133,"column":18}},{"start":{"line":134,"column":14},"end":{"line":142,"column":11}}],"line":123},"2":{"loc":{"start":{"line":134,"column":14},"end":{"line":142,"column":11}},"type":"cond-expr","locations":[{"start":{"line":135,"column":12},"end":{"line":139,"column":18}},{"start":{"line":141,"column":12},"end":{"line":141,"column":14}}],"line":134},"3":{"loc":{"start":{"line":134,"column":14},"end":{"line":134,"column":71}},"type":"binary-expr","locations":[{"start":{"line":134,"column":14},"end":{"line":134,"column":40}},{"start":{"line":134,"column":44},"end":{"line":134,"column":71}}],"line":134},"4":{"loc":{"start":{"line":137,"column":17},"end":{"line":137,"column":71}},"type":"cond-expr","locations":[{"start":{"line":137,"column":46},"end":{"line":137,"column":56}},{"start":{"line":137,"column":59},"end":{"line":137,"column":71}}],"line":137},"5":{"loc":{"start":{"line":145,"column":7},"end":{"line":168,"column":7}},"type":"cond-expr","locations":[{"start":{"line":148,"column":8},"end":{"line":151,"column":10}},{"start":{"line":152,"column":10},"end":{"line":168,"column":7}}],"line":145},"6":{"loc":{"start":{"line":145,"column":7},"end":{"line":147,"column":33}},"type":"binary-expr","locations":[{"start":{"line":145,"column":7},"end":{"line":145,"column":32}},{"start":{"line":146,"column":6},"end":{"line":146,"column":32}},{"start":{"line":147,"column":6},"end":{"line":147,"column":33}}],"line":145},"7":{"loc":{"start":{"line":149,"column":27},"end":{"line":149,"column":69}},"type":"cond-expr","locations":[{"start":{"line":149,"column":55},"end":{"line":149,"column":61}},{"start":{"line":149,"column":64},"end":{"line":149,"column":69}}],"line":149},"8":{"loc":{"start":{"line":150,"column":20},"end":{"line":150,"column":58}},"type":"cond-expr","locations":[{"start":{"line":150,"column":50},"end":{"line":150,"column":53}},{"start":{"line":150,"column":56},"end":{"line":150,"column":58}}],"line":150},"9":{"loc":{"start":{"line":152,"column":10},"end":{"line":168,"column":7}},"type":"cond-expr","locations":[{"start":{"line":153,"column":8},"end":{"line":165,"column":23}},{"start":{"line":167,"column":8},"end":{"line":167,"column":10}}],"line":152}},"s":{"0":4,"1":19,"2":19,"3":19},"f":{"0":19},"b":{"0":[7,12],"1":[5,14],"2":[3,11],"3":[14,14],"4":[0,3],"5":[8,11],"6":[19,14,14],"7":[5,3],"8":[3,5],"9":[11,0]},"_coverageSchema":"1a1c01bbd47fc00a2c39e90264f33305004495a9","hash":"9ebe7294d39832b11a11af29cdacfcdf243f3dc0"}
,"/home/sidhaj/Documents/training/storybook-apps/blinkistNew/src/components/organisms/Explore/index.stories.tsx": {"path":"/home/sidhaj/Documents/training/storybook-apps/blinkistNew/src/components/organisms/Explore/index.stories.tsx","statementMap":{"0":{"start":{"line":13,"column":55},"end":{"line":13,"column":72}},"1":{"start":{"line":13,"column":61},"end":{"line":13,"column":72}}},"fnMap":{"0":{"name":"(anonymous_0)","decl":{"start":{"line":13,"column":55},"end":{"line":13,"column":56}},"loc":{"start":{"line":13,"column":61},"end":{"line":13,"column":72}},"line":13}},"branchMap":{},"s":{"0":0,"1":0},"f":{"0":0},"b":{}}
,"/home/sidhaj/Documents/training/storybook-apps/blinkistNew/src/components/organisms/Explore/index.tsx": {"path":"/home/sidhaj/Documents/training/storybook-apps/blinkistNew/src/components/organisms/Explore/index.tsx","statementMap":{"0":{"start":{"line":9,"column":14},"end":{"line":9,"column":38}},"1":{"start":{"line":11,"column":18},"end":{"line":18,"column":2}},"2":{"start":{"line":28,"column":40},"end":{"line":155,"column":1}},"3":{"start":{"line":29,"column":23},"end":{"line":29,"column":34}},"4":{"start":{"line":30,"column":42},"end":{"line":30,"column":75}},"5":{"start":{"line":32,"column":2},"end":{"line":43,"column":9}},"6":{"start":{"line":33,"column":17},"end":{"line":33,"column":22}},"7":{"start":{"line":35,"column":4},"end":{"line":38,"column":7}},"8":{"start":{"line":36,"column":6},"end":{"line":36,"column":25}},"9":{"start":{"line":36,"column":18},"end":{"line":36,"column":25}},"10":{"start":{"line":37,"column":6},"end":{"line":37,"column":37}},"11":{"start":{"line":40,"column":4},"end":{"line":42,"column":6}},"12":{"start":{"line":41,"column":6},"end":{"line":41,"column":20}},"13":{"start":{"line":45,"column":2},"end":{"line":154,"column":4}},"14":{"start":{"line":107,"column":16},"end":{"line":145,"column":23}},"15":{"start":{"line":115,"column":24},"end":{"line":141,"column":31}}},"fnMap":{"0":{"name":"(anonymous_0)","decl":{"start":{"line":28,"column":40},"end":{"line":28,"column":41}},"loc":{"start":{"line":28,"column":51},"end":{"line":155,"column":1}},"line":28},"1":{"name":"(anonymous_1)","decl":{"start":{"line":32,"column":18},"end":{"line":32,"column":19}},"loc":{"start":{"line":32,"column":24},"end":{"line":43,"column":3}},"line":32},"2":{"name":"(anonymous_2)","decl":{"start":{"line":35,"column":57},"end":{"line":35,"column":58}},"loc":{"start":{"line":35,"column":76},"end":{"line":38,"column":5}},"line":35},"3":{"name":"(anonymous_3)","decl":{"start":{"line":40,"column":11},"end":{"line":40,"column":12}},"loc":{"start":{"line":40,"column":17},"end":{"line":42,"column":5}},"line":40},"4":{"name":"(anonymous_4)","decl":{"start":{"line":106,"column":44},"end":{"line":106,"column":45}},"loc":{"start":{"line":107,"column":16},"end":{"line":145,"column":23}},"line":107},"5":{"name":"(anonymous_5)","decl":{"start":{"line":114,"column":50},"end":{"line":114,"column":51}},"loc":{"start":{"line":115,"column":24},"end":{"line":141,"column":31}},"line":115}},"branchMap":{"0":{"loc":{"start":{"line":36,"column":6},"end":{"line":36,"column":25}},"type":"if","locations":[{"start":{"line":36,"column":6},"end":{"line":36,"column":25}},{"start":{},"end":{}}],"line":36},"1":{"loc":{"start":{"line":105,"column":13},"end":{"line":149,"column":13}},"type":"cond-expr","locations":[{"start":{"line":106,"column":14},"end":{"line":146,"column":16}},{"start":{"line":148,"column":14},"end":{"line":148,"column":40}}],"line":105}},"s":{"0":5,"1":5,"2":5,"3":33,"4":33,"5":33,"6":24,"7":24,"8":11,"9":6,"10":5,"11":24,"12":24,"13":33,"14":21,"15":126},"f":{"0":33,"1":24,"2":11,"3":24,"4":21,"5":126},"b":{"0":[6,5],"1":[33,0]},"_coverageSchema":"1a1c01bbd47fc00a2c39e90264f33305004495a9","hash":"16e3101101e985a4352cfac50df45f10865f26a8"}
,"/home/sidhaj/Documents/training/storybook-apps/blinkistNew/src/components/organisms/Footer/index.stories.tsx": {"path":"/home/sidhaj/Documents/training/storybook-apps/blinkistNew/src/components/organisms/Footer/index.stories.tsx","statementMap":{"0":{"start":{"line":9,"column":48},"end":{"line":9,"column":78}},"1":{"start":{"line":9,"column":58},"end":{"line":9,"column":78}},"2":{"start":{"line":11,"column":53},"end":{"line":11,"column":70}},"3":{"start":{"line":12,"column":0},"end":{"line":12,"column":17}}},"fnMap":{"0":{"name":"(anonymous_0)","decl":{"start":{"line":9,"column":48},"end":{"line":9,"column":49}},"loc":{"start":{"line":9,"column":58},"end":{"line":9,"column":78}},"line":9}},"branchMap":{},"s":{"0":0,"1":0,"2":0,"3":0},"f":{"0":0},"b":{}}
,"/home/sidhaj/Documents/training/storybook-apps/blinkistNew/src/components/organisms/Footer/index.tsx": {"path":"/home/sidhaj/Documents/training/storybook-apps/blinkistNew/src/components/organisms/Footer/index.tsx","statementMap":{"0":{"start":{"line":8,"column":14},"end":{"line":8,"column":38}},"1":{"start":{"line":18,"column":38},"end":{"line":83,"column":1}},"2":{"start":{"line":19,"column":46},"end":{"line":21,"column":3}},"3":{"start":{"line":22,"column":2},"end":{"line":35,"column":9}},"4":{"start":{"line":23,"column":17},"end":{"line":23,"column":22}},"5":{"start":{"line":24,"column":4},"end":{"line":31,"column":9}},"6":{"start":{"line":29,"column":8},"end":{"line":29,"column":27}},"7":{"start":{"line":29,"column":20},"end":{"line":29,"column":27}},"8":{"start":{"line":30,"column":8},"end":{"line":30,"column":41}},"9":{"start":{"line":32,"column":4},"end":{"line":34,"column":6}},"10":{"start":{"line":33,"column":6},"end":{"line":33,"column":20}},"11":{"start":{"line":37,"column":2},"end":{"line":82,"column":4}}},"fnMap":{"0":{"name":"(anonymous_0)","decl":{"start":{"line":18,"column":38},"end":{"line":18,"column":39}},"loc":{"start":{"line":18,"column":59},"end":{"line":83,"column":1}},"line":18},"1":{"name":"(anonymous_1)","decl":{"start":{"line":22,"column":18},"end":{"line":22,"column":19}},"loc":{"start":{"line":22,"column":24},"end":{"line":35,"column":3}},"line":22},"2":{"name":"(anonymous_2)","decl":{"start":{"line":28,"column":12},"end":{"line":28,"column":13}},"loc":{"start":{"line":28,"column":31},"end":{"line":31,"column":7}},"line":28},"3":{"name":"(anonymous_3)","decl":{"start":{"line":32,"column":11},"end":{"line":32,"column":12}},"loc":{"start":{"line":32,"column":17},"end":{"line":34,"column":5}},"line":32}},"branchMap":{"0":{"loc":{"start":{"line":29,"column":8},"end":{"line":29,"column":27}},"type":"if","locations":[{"start":{"line":29,"column":8},"end":{"line":29,"column":27}},{"start":{},"end":{}}],"line":29}},"s":{"0":4,"1":4,"2":24,"3":24,"4":20,"5":20,"6":0,"7":0,"8":0,"9":20,"10":20,"11":24},"f":{"0":24,"1":20,"2":0,"3":20},"b":{"0":[0,0]},"_coverageSchema":"1a1c01bbd47fc00a2c39e90264f33305004495a9","hash":"7540642bef6344d7c2caff8382ed6fb03ac78ab3"}
,"/home/sidhaj/Documents/training/storybook-apps/blinkistNew/src/components/organisms/Header/index.stories.tsx": {"path":"/home/sidhaj/Documents/training/storybook-apps/blinkistNew/src/components/organisms/Header/index.stories.tsx","statementMap":{"0":{"start":{"line":9,"column":48},"end":{"line":9,"column":78}},"1":{"start":{"line":9,"column":58},"end":{"line":9,"column":78}},"2":{"start":{"line":11,"column":53},"end":{"line":11,"column":70}},"3":{"start":{"line":12,"column":0},"end":{"line":17,"column":2}}},"fnMap":{"0":{"name":"(anonymous_0)","decl":{"start":{"line":9,"column":48},"end":{"line":9,"column":49}},"loc":{"start":{"line":9,"column":58},"end":{"line":9,"column":78}},"line":9}},"branchMap":{},"s":{"0":0,"1":0,"2":0,"3":0},"f":{"0":0},"b":{}}
,"/home/sidhaj/Documents/training/storybook-apps/blinkistNew/src/components/organisms/Header/index.tsx": {"path":"/home/sidhaj/Documents/training/storybook-apps/blinkistNew/src/components/organisms/Header/index.tsx","statementMap":{"0":{"start":{"line":14,"column":18},"end":{"line":37,"column":2}},"1":{"start":{"line":43,"column":38},"end":{"line":132,"column":1}},"2":{"start":{"line":44,"column":23},"end":{"line":44,"column":34}},"3":{"start":{"line":46,"column":40},"end":{"line":48,"column":3}},"4":{"start":{"line":49,"column":26},"end":{"line":49,"column":47}},"5":{"start":{"line":50,"column":22},"end":{"line":53,"column":3}},"6":{"start":{"line":51,"column":4},"end":{"line":51,"column":19}},"7":{"start":{"line":52,"column":4},"end":{"line":52,"column":61}},"8":{"start":{"line":54,"column":23},"end":{"line":59,"column":3}},"9":{"start":{"line":55,"column":4},"end":{"line":57,"column":63}},"10":{"start":{"line":58,"column":4},"end":{"line":58,"column":19}},"11":{"start":{"line":61,"column":34},"end":{"line":61,"column":74}},"12":{"start":{"line":62,"column":25},"end":{"line":62,"column":42}},"13":{"start":{"line":63,"column":28},"end":{"line":65,"column":3}},"14":{"start":{"line":64,"column":4},"end":{"line":64,"column":37}},"15":{"start":{"line":67,"column":2},"end":{"line":131,"column":4}}},"fnMap":{"0":{"name":"(anonymous_0)","decl":{"start":{"line":43,"column":38},"end":{"line":43,"column":39}},"loc":{"start":{"line":43,"column":59},"end":{"line":132,"column":1}},"line":43},"1":{"name":"(anonymous_1)","decl":{"start":{"line":50,"column":22},"end":{"line":50,"column":23}},"loc":{"start":{"line":50,"column":28},"end":{"line":53,"column":3}},"line":50},"2":{"name":"(anonymous_2)","decl":{"start":{"line":54,"column":23},"end":{"line":54,"column":24}},"loc":{"start":{"line":54,"column":29},"end":{"line":59,"column":3}},"line":54},"3":{"name":"(anonymous_3)","decl":{"start":{"line":63,"column":28},"end":{"line":63,"column":29}},"loc":{"start":{"line":63,"column":76},"end":{"line":65,"column":3}},"line":63}},"branchMap":{"0":{"loc":{"start":{"line":55,"column":4},"end":{"line":57,"column":62}},"type":"cond-expr","locations":[{"start":{"line":56,"column":8},"end":{"line":56,"column":64}},{"start":{"line":57,"column":8},"end":{"line":57,"column":62}}],"line":55},"1":{"loc":{"start":{"line":119,"column":31},"end":{"line":119,"column":72}},"type":"cond-expr","locations":[{"start":{"line":119,"column":48},"end":{"line":119,"column":60}},{"start":{"line":119,"column":63},"end":{"line":119,"column":72}}],"line":119},"2":{"loc":{"start":{"line":121,"column":31},"end":{"line":121,"column":66}},"type":"cond-expr","locations":[{"start":{"line":121,"column":48},"end":{"line":121,"column":54}},{"start":{"line":121,"column":57},"end":{"line":121,"column":66}}],"line":121}},"s":{"0":4,"1":4,"2":26,"3":26,"4":26,"5":26,"6":0,"7":0,"8":26,"9":0,"10":0,"11":26,"12":26,"13":26,"14":0,"15":26},"f":{"0":26,"1":0,"2":0,"3":0},"b":{"0":[0,0],"1":[0,26],"2":[0,26]},"_coverageSchema":"1a1c01bbd47fc00a2c39e90264f33305004495a9","hash":"b2db9b852337eb9d329d51fd152431de33e424b7"}
,"/home/sidhaj/Documents/training/storybook-apps/blinkistNew/src/components/templates/Entrepreneurship/index.tsx": {"path":"/home/sidhaj/Documents/training/storybook-apps/blinkistNew/src/components/templates/Entrepreneurship/index.tsx","statementMap":{"0":{"start":{"line":10,"column":18},"end":{"line":17,"column":2}},"1":{"start":{"line":39,"column":74},"end":{"line":146,"column":1}},"2":{"start":{"line":42,"column":23},"end":{"line":42,"column":34}},"3":{"start":{"line":43,"column":19},"end":{"line":43,"column":32}},"4":{"start":{"line":44,"column":22},"end":{"line":58,"column":3}},"5":{"start":{"line":45,"column":4},"end":{"line":57,"column":5}},"6":{"start":{"line":46,"column":6},"end":{"line":53,"column":11}},"7":{"start":{"line":51,"column":21},"end":{"line":51,"column":39}},"8":{"start":{"line":52,"column":10},"end":{"line":52,"column":25}},"9":{"start":{"line":55,"column":17},"end":{"line":55,"column":35}},"10":{"start":{"line":56,"column":6},"end":{"line":56,"column":21}},"11":{"start":{"line":60,"column":23},"end":{"line":72,"column":3}},"12":{"start":{"line":61,"column":4},"end":{"line":71,"column":7}},"13":{"start":{"line":62,"column":6},"end":{"line":70,"column":15}},"14":{"start":{"line":65,"column":31},"end":{"line":65,"column":52}},"15":{"start":{"line":74,"column":2},"end":{"line":145,"column":4}}},"fnMap":{"0":{"name":"(anonymous_0)","decl":{"start":{"line":39,"column":74},"end":{"line":39,"column":75}},"loc":{"start":{"line":41,"column":5},"end":{"line":146,"column":1}},"line":41},"1":{"name":"(anonymous_1)","decl":{"start":{"line":44,"column":22},"end":{"line":44,"column":23}},"loc":{"start":{"line":44,"column":45},"end":{"line":58,"column":3}},"line":44},"2":{"name":"(anonymous_2)","decl":{"start":{"line":50,"column":14},"end":{"line":50,"column":15}},"loc":{"start":{"line":50,"column":33},"end":{"line":53,"column":9}},"line":50},"3":{"name":"(anonymous_3)","decl":{"start":{"line":60,"column":23},"end":{"line":60,"column":24}},"loc":{"start":{"line":60,"column":45},"end":{"line":72,"column":3}},"line":60},"4":{"name":"(anonymous_4)","decl":{"start":{"line":61,"column":28},"end":{"line":61,"column":29}},"loc":{"start":{"line":61,"column":49},"end":{"line":71,"column":5}},"line":61},"5":{"name":"(anonymous_5)","decl":{"start":{"line":65,"column":25},"end":{"line":65,"column":26}},"loc":{"start":{"line":65,"column":31},"end":{"line":65,"column":52}},"line":65}},"branchMap":{"0":{"loc":{"start":{"line":45,"column":4},"end":{"line":57,"column":5}},"type":"if","locations":[{"start":{"line":45,"column":4},"end":{"line":57,"column":5}},{"start":{"line":54,"column":11},"end":{"line":57,"column":5}}],"line":45},"1":{"loc":{"start":{"line":62,"column":13},"end":{"line":70,"column":14}},"type":"cond-expr","locations":[{"start":{"line":63,"column":8},"end":{"line":69,"column":10}},{"start":{"line":70,"column":10},"end":{"line":70,"column":14}}],"line":62}},"s":{"0":2,"1":2,"2":11,"3":11,"4":11,"5":0,"6":0,"7":0,"8":0,"9":0,"10":0,"11":11,"12":33,"13":30,"14":0,"15":11},"f":{"0":11,"1":0,"2":0,"3":33,"4":30,"5":0},"b":{"0":[0,0],"1":[10,20]},"_coverageSchema":"1a1c01bbd47fc00a2c39e90264f33305004495a9","hash":"203bda2b3c33aa249bcb9f5d930878cb5de12412"}
,"/home/sidhaj/Documents/training/storybook-apps/blinkistNew/src/components/templates/MyLibrary/index.stories.tsx": {"path":"/home/sidhaj/Documents/training/storybook-apps/blinkistNew/src/components/templates/MyLibrary/index.stories.tsx","statementMap":{"0":{"start":{"line":11,"column":59},"end":{"line":13,"column":1}},"1":{"start":{"line":12,"column":2},"end":{"line":12,"column":33}},"2":{"start":{"line":19,"column":32},"end":{"line":23,"column":1}},"3":{"start":{"line":20,"column":2},"end":{"line":22,"column":4}},"4":{"start":{"line":25,"column":32},"end":{"line":33,"column":1}},"5":{"start":{"line":26,"column":2},"end":{"line":32,"column":4}},"6":{"start":{"line":35,"column":30},"end":{"line":49,"column":1}},"7":{"start":{"line":36,"column":2},"end":{"line":48,"column":4}},"8":{"start":{"line":51,"column":33},"end":{"line":57,"column":1}},"9":{"start":{"line":52,"column":2},"end":{"line":56,"column":4}},"10":{"start":{"line":59,"column":30},"end":{"line":61,"column":1}},"11":{"start":{"line":60,"column":2},"end":{"line":60,"column":73}},"12":{"start":{"line":64,"column":2},"end":{"line":64,"column":19}},"13":{"start":{"line":65,"column":0},"end":{"line":86,"column":2}}},"fnMap":{"0":{"name":"(anonymous_0)","decl":{"start":{"line":11,"column":59},"end":{"line":11,"column":60}},"loc":{"start":{"line":12,"column":2},"end":{"line":12,"column":33}},"line":12},"1":{"name":"(anonymous_1)","decl":{"start":{"line":19,"column":32},"end":{"line":19,"column":33}},"loc":{"start":{"line":19,"column":43},"end":{"line":23,"column":1}},"line":19},"2":{"name":"(anonymous_2)","decl":{"start":{"line":25,"column":32},"end":{"line":25,"column":33}},"loc":{"start":{"line":25,"column":43},"end":{"line":33,"column":1}},"line":25},"3":{"name":"(anonymous_3)","decl":{"start":{"line":35,"column":30},"end":{"line":35,"column":31}},"loc":{"start":{"line":35,"column":41},"end":{"line":49,"column":1}},"line":35},"4":{"name":"(anonymous_4)","decl":{"start":{"line":51,"column":33},"end":{"line":51,"column":34}},"loc":{"start":{"line":51,"column":44},"end":{"line":57,"column":1}},"line":51},"5":{"name":"(anonymous_5)","decl":{"start":{"line":59,"column":30},"end":{"line":59,"column":31}},"loc":{"start":{"line":59,"column":41},"end":{"line":61,"column":1}},"line":59}},"branchMap":{},"s":{"0":0,"1":0,"2":0,"3":0,"4":0,"5":0,"6":0,"7":0,"8":0,"9":0,"10":0,"11":0,"12":0,"13":0},"f":{"0":0,"1":0,"2":0,"3":0,"4":0,"5":0},"b":{}}
,"/home/sidhaj/Documents/training/storybook-apps/blinkistNew/src/components/templates/MyLibrary/index.tsx": {"path":"/home/sidhaj/Documents/training/storybook-apps/blinkistNew/src/components/templates/MyLibrary/index.tsx","statementMap":{"0":{"start":{"line":5,"column":18},"end":{"line":11,"column":2}},"1":{"start":{"line":21,"column":60},"end":{"line":41,"column":1}},"2":{"start":{"line":22,"column":23},"end":{"line":22,"column":34}},"3":{"start":{"line":23,"column":2},"end":{"line":40,"column":4}}},"fnMap":{"0":{"name":"(anonymous_0)","decl":{"start":{"line":21,"column":60},"end":{"line":21,"column":61}},"loc":{"start":{"line":21,"column":71},"end":{"line":41,"column":1}},"line":21}},"branchMap":{},"s":{"0":2,"1":2,"2":9,"3":9},"f":{"0":9},"b":{},"_coverageSchema":"1a1c01bbd47fc00a2c39e90264f33305004495a9","hash":"7b576815d3b75118738a5bee6b9139b014dda383"}
,"/home/sidhaj/Documents/training/storybook-apps/blinkistNew/src/pages/BookDetailView/index.stories.tsx": {"path":"/home/sidhaj/Documents/training/storybook-apps/blinkistNew/src/pages/BookDetailView/index.stories.tsx","statementMap":{"0":{"start":{"line":9,"column":56},"end":{"line":11,"column":1}},"1":{"start":{"line":10,"column":2},"end":{"line":10,"column":30}},"2":{"start":{"line":14,"column":2},"end":{"line":14,"column":19}},"3":{"start":{"line":15,"column":0},"end":{"line":15,"column":25}}},"fnMap":{"0":{"name":"(anonymous_0)","decl":{"start":{"line":9,"column":56},"end":{"line":9,"column":57}},"loc":{"start":{"line":10,"column":2},"end":{"line":10,"column":30}},"line":10}},"branchMap":{},"s":{"0":0,"1":0,"2":0,"3":0},"f":{"0":0},"b":{}}
,"/home/sidhaj/Documents/training/storybook-apps/blinkistNew/src/pages/BookDetailView/index.tsx": {"path":"/home/sidhaj/Documents/training/storybook-apps/blinkistNew/src/pages/BookDetailView/index.tsx","statementMap":{"0":{"start":{"line":16,"column":54},"end":{"line":187,"column":1}},"1":{"start":{"line":17,"column":19},"end":{"line":17,"column":32}},"2":{"start":{"line":18,"column":17},"end":{"line":18,"column":28}},"3":{"start":{"line":19,"column":13},"end":{"line":19,"column":22}},"4":{"start":{"line":21,"column":22},"end":{"line":36,"column":3}},"5":{"start":{"line":22,"column":4},"end":{"line":35,"column":9}},"6":{"start":{"line":33,"column":19},"end":{"line":33,"column":22}},"7":{"start":{"line":34,"column":8},"end":{"line":34,"column":23}},"8":{"start":{"line":37,"column":2},"end":{"line":186,"column":4}}},"fnMap":{"0":{"name":"(anonymous_0)","decl":{"start":{"line":16,"column":54},"end":{"line":16,"column":55}},"loc":{"start":{"line":16,"column":65},"end":{"line":187,"column":1}},"line":16},"1":{"name":"(anonymous_1)","decl":{"start":{"line":21,"column":22},"end":{"line":21,"column":23}},"loc":{"start":{"line":21,"column":28},"end":{"line":36,"column":3}},"line":21},"2":{"name":"(anonymous_2)","decl":{"start":{"line":32,"column":12},"end":{"line":32,"column":13}},"loc":{"start":{"line":32,"column":31},"end":{"line":35,"column":7}},"line":32}},"branchMap":{},"s":{"0":1,"1":4,"2":4,"3":4,"4":4,"5":0,"6":0,"7":0,"8":4},"f":{"0":4,"1":0,"2":0},"b":{},"_coverageSchema":"1a1c01bbd47fc00a2c39e90264f33305004495a9","hash":"0292cd914885af89e7a616fc1964f263cd597b61"}
,"/home/sidhaj/Documents/training/storybook-apps/blinkistNew/src/pages/Entrepreneurship/index.stories.tsx": {"path":"/home/sidhaj/Documents/training/storybook-apps/blinkistNew/src/pages/Entrepreneurship/index.stories.tsx","statementMap":{"0":{"start":{"line":9,"column":58},"end":{"line":11,"column":1}},"1":{"start":{"line":10,"column":2},"end":{"line":10,"column":32}},"2":{"start":{"line":14,"column":2},"end":{"line":14,"column":19}},"3":{"start":{"line":15,"column":0},"end":{"line":15,"column":27}}},"fnMap":{"0":{"name":"(anonymous_0)","decl":{"start":{"line":9,"column":58},"end":{"line":9,"column":59}},"loc":{"start":{"line":10,"column":2},"end":{"line":10,"column":32}},"line":10}},"branchMap":{},"s":{"0":0,"1":0,"2":0,"3":0},"f":{"0":0},"b":{}}
,"/home/sidhaj/Documents/training/storybook-apps/blinkistNew/src/pages/Entrepreneurship/index.tsx": {"path":"/home/sidhaj/Documents/training/storybook-apps/blinkistNew/src/pages/Entrepreneurship/index.tsx","statementMap":{"0":{"start":{"line":23,"column":58},"end":{"line":73,"column":1}},"1":{"start":{"line":24,"column":36},"end":{"line":24,"column":63}},"2":{"start":{"line":25,"column":40},"end":{"line":25,"column":58}},"3":{"start":{"line":27,"column":2},"end":{"line":45,"column":20}},"4":{"start":{"line":28,"column":16},"end":{"line":40,"column":11}},"5":{"start":{"line":29,"column":39},"end":{"line":29,"column":44}},"6":{"start":{"line":30,"column":6},"end":{"line":35,"column":11}},"7":{"start":{"line":33,"column":10},"end":{"line":33,"column":49}},"8":{"start":{"line":33,"column":42},"end":{"line":33,"column":49}},"9":{"start":{"line":34,"column":10},"end":{"line":34,"column":38}},"10":{"start":{"line":37,"column":6},"end":{"line":39,"column":8}},"11":{"start":{"line":38,"column":8},"end":{"line":38,"column":42}},"12":{"start":{"line":42,"column":4},"end":{"line":44,"column":6}},"13":{"start":{"line":43,"column":6},"end":{"line":43,"column":26}},"14":{"start":{"line":47,"column":2},"end":{"line":56,"column":9}},"15":{"start":{"line":48,"column":37},"end":{"line":48,"column":42}},"16":{"start":{"line":49,"column":4},"end":{"line":52,"column":7}},"17":{"start":{"line":50,"column":6},"end":{"line":50,"column":45}},"18":{"start":{"line":50,"column":38},"end":{"line":50,"column":45}},"19":{"start":{"line":51,"column":6},"end":{"line":51,"column":34}},"20":{"start":{"line":53,"column":4},"end":{"line":55,"column":6}},"21":{"start":{"line":54,"column":6},"end":{"line":54,"column":40}},"22":{"start":{"line":58,"column":2},"end":{"line":72,"column":4}},"23":{"start":{"line":65,"column":12},"end":{"line":65,"column":43}}},"fnMap":{"0":{"name":"(anonymous_0)","decl":{"start":{"line":23,"column":58},"end":{"line":23,"column":59}},"loc":{"start":{"line":23,"column":69},"end":{"line":73,"column":1}},"line":23},"1":{"name":"(anonymous_1)","decl":{"start":{"line":27,"column":18},"end":{"line":27,"column":19}},"loc":{"start":{"line":27,"column":24},"end":{"line":45,"column":3}},"line":27},"2":{"name":"(anonymous_2)","decl":{"start":{"line":28,"column":27},"end":{"line":28,"column":28}},"loc":{"start":{"line":28,"column":33},"end":{"line":40,"column":5}},"line":28},"3":{"name":"(anonymous_3)","decl":{"start":{"line":32,"column":14},"end":{"line":32,"column":15}},"loc":{"start":{"line":32,"column":33},"end":{"line":35,"column":9}},"line":32},"4":{"name":"(anonymous_4)","decl":{"start":{"line":37,"column":13},"end":{"line":37,"column":14}},"loc":{"start":{"line":37,"column":19},"end":{"line":39,"column":7}},"line":37},"5":{"name":"(anonymous_5)","decl":{"start":{"line":42,"column":11},"end":{"line":42,"column":12}},"loc":{"start":{"line":42,"column":17},"end":{"line":44,"column":5}},"line":42},"6":{"name":"(anonymous_6)","decl":{"start":{"line":47,"column":18},"end":{"line":47,"column":19}},"loc":{"start":{"line":47,"column":24},"end":{"line":56,"column":3}},"line":47},"7":{"name":"(anonymous_7)","decl":{"start":{"line":49,"column":54},"end":{"line":49,"column":55}},"loc":{"start":{"line":49,"column":73},"end":{"line":52,"column":5}},"line":49},"8":{"name":"(anonymous_8)","decl":{"start":{"line":53,"column":11},"end":{"line":53,"column":12}},"loc":{"start":{"line":53,"column":17},"end":{"line":55,"column":5}},"line":53},"9":{"name":"(anonymous_9)","decl":{"start":{"line":64,"column":24},"end":{"line":64,"column":25}},"loc":{"start":{"line":64,"column":36},"end":{"line":66,"column":11}},"line":64}},"branchMap":{"0":{"loc":{"start":{"line":33,"column":10},"end":{"line":33,"column":49}},"type":"if","locations":[{"start":{"line":33,"column":10},"end":{"line":33,"column":49}},{"start":{},"end":{}}],"line":33},"1":{"loc":{"start":{"line":50,"column":6},"end":{"line":50,"column":45}},"type":"if","locations":[{"start":{"line":50,"column":6},"end":{"line":50,"column":45}},{"start":{},"end":{}}],"line":50}},"s":{"0":1,"1":10,"2":10,"3":10,"4":9,"5":0,"6":0,"7":0,"8":0,"9":0,"10":0,"11":0,"12":9,"13":9,"14":10,"15":8,"16":8,"17":4,"18":3,"19":1,"20":8,"21":8,"22":10,"23":1},"f":{"0":10,"1":9,"2":0,"3":0,"4":0,"5":9,"6":8,"7":4,"8":8,"9":1},"b":{"0":[0,0],"1":[3,1]},"_coverageSchema":"1a1c01bbd47fc00a2c39e90264f33305004495a9","hash":"bc682664d84c7f3d97ebb06f287673c5c81962db"}
,"/home/sidhaj/Documents/training/storybook-apps/blinkistNew/src/pages/MyLibrary/index.stories.tsx": {"path":"/home/sidhaj/Documents/training/storybook-apps/blinkistNew/src/pages/MyLibrary/index.stories.tsx","statementMap":{"0":{"start":{"line":9,"column":51},"end":{"line":11,"column":1}},"1":{"start":{"line":10,"column":2},"end":{"line":10,"column":25}},"2":{"start":{"line":13,"column":59},"end":{"line":13,"column":76}},"3":{"start":{"line":14,"column":0},"end":{"line":14,"column":20}}},"fnMap":{"0":{"name":"(anonymous_0)","decl":{"start":{"line":9,"column":51},"end":{"line":9,"column":52}},"loc":{"start":{"line":10,"column":2},"end":{"line":10,"column":25}},"line":10}},"branchMap":{},"s":{"0":0,"1":0,"2":0,"3":0},"f":{"0":0},"b":{}}
,"/home/sidhaj/Documents/training/storybook-apps/blinkistNew/src/pages/MyLibrary/index.tsx": {"path":"/home/sidhaj/Documents/training/storybook-apps/blinkistNew/src/pages/MyLibrary/index.tsx","statementMap":{"0":{"start":{"line":11,"column":18},"end":{"line":18,"column":2}},"1":{"start":{"line":20,"column":14},"end":{"line":20,"column":30}},"2":{"start":{"line":36,"column":44},"end":{"line":103,"column":1}},"3":{"start":{"line":37,"column":23},"end":{"line":37,"column":34}},"4":{"start":{"line":38,"column":36},"end":{"line":38,"column":63}},"5":{"start":{"line":40,"column":2},"end":{"line":49,"column":9}},"6":{"start":{"line":41,"column":37},"end":{"line":41,"column":42}},"7":{"start":{"line":42,"column":4},"end":{"line":45,"column":7}},"8":{"start":{"line":43,"column":6},"end":{"line":43,"column":45}},"9":{"start":{"line":43,"column":38},"end":{"line":43,"column":45}},"10":{"start":{"line":44,"column":6},"end":{"line":44,"column":34}},"11":{"start":{"line":46,"column":4},"end":{"line":48,"column":6}},"12":{"start":{"line":47,"column":6},"end":{"line":47,"column":40}},"13":{"start":{"line":51,"column":2},"end":{"line":102,"column":4}},"14":{"start":{"line":70,"column":16},"end":{"line":77,"column":25}},"15":{"start":{"line":87,"column":16},"end":{"line":94,"column":25}}},"fnMap":{"0":{"name":"(anonymous_0)","decl":{"start":{"line":36,"column":44},"end":{"line":36,"column":45}},"loc":{"start":{"line":36,"column":55},"end":{"line":103,"column":1}},"line":36},"1":{"name":"(anonymous_1)","decl":{"start":{"line":40,"column":18},"end":{"line":40,"column":19}},"loc":{"start":{"line":40,"column":24},"end":{"line":49,"column":3}},"line":40},"2":{"name":"(anonymous_2)","decl":{"start":{"line":42,"column":54},"end":{"line":42,"column":55}},"loc":{"start":{"line":42,"column":73},"end":{"line":45,"column":5}},"line":42},"3":{"name":"(anonymous_3)","decl":{"start":{"line":46,"column":11},"end":{"line":46,"column":12}},"loc":{"start":{"line":46,"column":17},"end":{"line":48,"column":5}},"line":46},"4":{"name":"(anonymous_4)","decl":{"start":{"line":69,"column":29},"end":{"line":69,"column":30}},"loc":{"start":{"line":69,"column":50},"end":{"line":78,"column":15}},"line":69},"5":{"name":"(anonymous_5)","decl":{"start":{"line":86,"column":29},"end":{"line":86,"column":30}},"loc":{"start":{"line":86,"column":50},"end":{"line":95,"column":15}},"line":86}},"branchMap":{"0":{"loc":{"start":{"line":43,"column":6},"end":{"line":43,"column":45}},"type":"if","locations":[{"start":{"line":43,"column":6},"end":{"line":43,"column":45}},{"start":{},"end":{}}],"line":43},"1":{"loc":{"start":{"line":70,"column":23},"end":{"line":77,"column":24}},"type":"cond-expr","locations":[{"start":{"line":71,"column":18},"end":{"line":76,"column":20}},{"start":{"line":77,"column":20},"end":{"line":77,"column":24}}],"line":70},"2":{"loc":{"start":{"line":70,"column":23},"end":{"line":70,"column":75}},"type":"binary-expr","locations":[{"start":{"line":70,"column":23},"end":{"line":70,"column":44}},{"start":{"line":70,"column":48},"end":{"line":70,"column":75}}],"line":70},"3":{"loc":{"start":{"line":87,"column":23},"end":{"line":94,"column":24}},"type":"cond-expr","locations":[{"start":{"line":88,"column":18},"end":{"line":93,"column":20}},{"start":{"line":94,"column":20},"end":{"line":94,"column":24}}],"line":87},"4":{"loc":{"start":{"line":87,"column":23},"end":{"line":87,"column":74}},"type":"binary-expr","locations":[{"start":{"line":87,"column":23},"end":{"line":87,"column":44}},{"start":{"line":87,"column":48},"end":{"line":87,"column":74}}],"line":87}},"s":{"0":1,"1":1,"2":1,"3":8,"4":8,"5":8,"6":6,"7":6,"8":5,"9":3,"10":2,"11":6,"12":6,"13":8,"14":18,"15":18},"f":{"0":8,"1":6,"2":5,"3":6,"4":18,"5":18},"b":{"0":[3,2],"1":[8,10],"2":[18,14],"3":[6,12],"4":[18,14]},"_coverageSchema":"1a1c01bbd47fc00a2c39e90264f33305004495a9","hash":"04ba894890f13f97e56b6e886d28d5a1ad9bcd1a"}
,"/home/sidhaj/Documents/training/storybook-apps/blinkistNew/src/themes/index.ts": {"path":"/home/sidhaj/Documents/training/storybook-apps/blinkistNew/src/themes/index.ts","statementMap":{"0":{"start":{"line":61,"column":21},"end":{"line":170,"column":2}}},"fnMap":{},"branchMap":{},"s":{"0":16},"f":{},"b":{},"_coverageSchema":"1a1c01bbd47fc00a2c39e90264f33305004495a9","hash":"bfabce37c20d7aaa19453a56e29268bb7f1a098d"}
}
