TN:
SF:src/App.tsx
FN:8,App
FNF:1
FNH:0
FNDA:0,App
DA:9,0
LF:1
LH:0
BRF:0
BRH:0
end_of_record
TN:
SF:src/index.tsx
FNF:0
FNH:0
DA:7,0
DA:17,0
LF:2
LH:0
BRF:0
BRH:0
end_of_record
TN:
SF:src/react-app-env.d.ts
FNF:0
FNH:0
LF:0
LH:0
BRF:0
BRH:0
end_of_record
TN:
SF:src/reportWebVitals.ts
FN:3,(anonymous_0)
FN:5,(anonymous_1)
FNF:2
FNH:0
FNDA:0,(anonymous_0)
FNDA:0,(anonymous_1)
DA:3,0
DA:4,0
DA:5,0
DA:6,0
DA:7,0
DA:8,0
DA:9,0
DA:10,0
LF:8
LH:0
BRDA:4,0,0,0
BRDA:4,0,1,0
BRDA:4,1,0,0
BRDA:4,1,1,0
BRF:4
BRH:0
end_of_record
TN:
SF:src/components/atoms/BookCoverImage/index.stories.tsx
FN:10,(anonymous_0)
FNF:1
FNH:0
FNDA:0,(anonymous_0)
DA:10,0
DA:11,0
DA:15,0
DA:16,0
LF:4
LH:0
BRF:0
BRH:0
end_of_record
TN:
SF:src/components/atoms/BookCoverImage/index.tsx
FN:6,(anonymous_0)
FNF:1
FNH:1
FNDA:5,(anonymous_0)
DA:6,2
DA:7,5
LF:2
LH:2
BRF:0
BRH:0
end_of_record
TN:
SF:src/components/atoms/Button/index.stories.tsx
FN:16,(anonymous_0)
FN:29,(anonymous_1)
FN:35,(anonymous_2)
FN:43,(anonymous_3)
FNF:4
FNH:0
FNDA:0,(anonymous_0)
FNDA:0,(anonymous_1)
FNDA:0,(anonymous_2)
FNDA:0,(anonymous_3)
DA:13,0
DA:14,0
DA:16,0
DA:17,0
DA:29,0
DA:30,0
DA:35,0
DA:36,0
DA:43,0
DA:44,0
LF:10
LH:0
BRF:0
BRH:0
end_of_record
TN:
SF:src/components/atoms/Button/index.tsx
FN:44,(anonymous_0)
FNF:1
FNH:1
FNDA:50,(anonymous_0)
DA:5,7
DA:44,7
DA:45,50
DA:57,50
DA:59,50
LF:5
LH:5
BRDA:47,0,0,1
BRDA:63,1,0,37
BRDA:63,1,1,13
BRF:3
BRH:3
end_of_record
TN:
SF:src/components/atoms/Icon/index.stories.tsx
FN:10,(anonymous_0)
FNF:1
FNH:0
FNDA:0,(anonymous_0)
DA:10,0
DA:12,0
DA:13,0
LF:3
LH:0
BRF:0
BRH:0
end_of_record
TN:
SF:src/components/atoms/Icon/index.tsx
FN:7,(anonymous_0)
FNF:1
FNH:1
FNDA:243,(anonymous_0)
DA:7,10
DA:8,243
LF:2
LH:2
BRF:0
BRH:0
end_of_record
TN:
SF:src/components/atoms/Logo/index.stories.tsx
FN:10,(anonymous_0)
FNF:1
FNH:0
FNDA:0,(anonymous_0)
DA:10,0
DA:12,0
DA:13,0
LF:3
LH:0
BRF:0
BRH:0
end_of_record
TN:
SF:src/components/atoms/Logo/index.tsx
FN:7,(anonymous_0)
FNF:1
FNH:1
FNDA:62,(anonymous_0)
DA:7,7
DA:8,62
LF:2
LH:2
BRF:0
BRH:0
end_of_record
TN:
SF:src/components/atoms/ProgressBar/index.stories.tsx
FN:10,(anonymous_0)
FNF:1
FNH:0
FNDA:0,(anonymous_0)
DA:10,0
DA:11,0
DA:16,0
DA:19,0
LF:4
LH:0
BRF:0
BRH:0
end_of_record
TN:
SF:src/components/atoms/ProgressBar/index.tsx
FN:8,(anonymous_0)
FNF:1
FNH:1
FNDA:9,(anonymous_0)
DA:8,5
DA:9,9
LF:2
LH:2
BRDA:20,0,0,9
BRDA:20,0,1,0
BRF:2
BRH:1
end_of_record
TN:
SF:src/components/atoms/Typography/index.stories.tsx
FN:31,(anonymous_0)
FNF:1
FNH:0
FNDA:0,(anonymous_0)
DA:31,0
DA:32,0
DA:35,0
DA:36,0
LF:4
LH:0
BRF:0
BRH:0
end_of_record
TN:
SF:src/components/atoms/Typography/index.tsx
FN:24,(anonymous_0)
FNF:1
FNH:1
FNDA:537,(anonymous_0)
DA:24,12
DA:33,537
DA:34,537
LF:3
LH:3
BRDA:26,0,0,1
BRF:1
BRH:1
end_of_record
TN:
SF:src/components/molecules/AvatarWithIcon/index.stories.tsx
FN:13,(anonymous_0)
FNF:1
FNH:0
FNDA:0,(anonymous_0)
DA:13,0
DA:14,0
LF:2
LH:0
BRF:0
BRH:0
end_of_record
TN:
SF:src/components/molecules/AvatarWithIcon/index.tsx
FN:18,(anonymous_0)
FNF:1
FNH:1
FNDA:27,(anonymous_0)
DA:11,5
DA:18,5
DA:19,27
DA:20,27
DA:21,27
LF:5
LH:5
BRF:0
BRH:0
end_of_record
TN:
SF:src/components/molecules/Banner/index.stories.tsx
FN:9,(anonymous_0)
FNF:1
FNH:0
FNDA:0,(anonymous_0)
DA:9,0
DA:10,0
DA:13,0
DA:14,0
LF:4
LH:0
BRF:0
BRH:0
end_of_record
TN:
SF:src/components/molecules/Banner/index.tsx
FN:11,(anonymous_0)
FNF:1
FNH:1
FNDA:11,(anonymous_0)
DA:11,2
DA:12,11
LF:2
LH:2
BRF:0
BRH:0
end_of_record
TN:
SF:src/components/molecules/NavSection/index.stories.tsx
FN:30,(anonymous_0)
FNF:1
FNH:0
FNDA:0,(anonymous_0)
DA:8,0
DA:30,0
DA:31,0
DA:34,0
DA:35,0
LF:5
LH:0
BRF:0
BRH:0
end_of_record
TN:
SF:src/components/molecules/NavSection/index.tsx
FN:14,(anonymous_0)
FN:19,(anonymous_1)
FN:31,(anonymous_2)
FNF:3
FNH:3
FNDA:26,(anonymous_0)
FNDA:6,(anonymous_1)
FNDA:26,(anonymous_2)
DA:14,5
DA:15,26
DA:16,26
DA:17,26
DA:20,6
DA:32,26
LF:6
LH:6
BRF:0
BRH:0
end_of_record
TN:
SF:src/components/molecules/Search Bar/index.stories.tsx
FN:9,(anonymous_0)
FNF:1
FNH:0
FNDA:0,(anonymous_0)
DA:9,0
DA:10,0
DA:13,0
DA:14,0
LF:4
LH:0
BRF:0
BRH:0
end_of_record
TN:
SF:src/components/molecules/Search Bar/index.tsx
FN:10,(anonymous_0)
FNF:1
FNH:1
FNDA:12,(anonymous_0)
DA:10,2
DA:11,12
LF:2
LH:2
BRF:0
BRH:0
end_of_record
TN:
SF:src/components/molecules/Tabs/index.stories.tsx
FN:18,(anonymous_0)
FN:19,(anonymous_1)
FN:21,(anonymous_2)
FNF:3
FNH:0
FNDA:0,(anonymous_0)
FNDA:0,(anonymous_1)
FNDA:0,(anonymous_2)
DA:18,0
DA:19,0
DA:21,0
DA:22,0
DA:25,0
DA:26,0
LF:6
LH:0
BRF:0
BRH:0
end_of_record
TN:
SF:src/components/molecules/Tabs/index.tsx
FN:32,(anonymous_0)
FN:37,(anonymous_1)
FN:46,(anonymous_2)
FN:57,(anonymous_3)
FNF:4
FNH:4
FNDA:16,(anonymous_0)
FNDA:2,(anonymous_1)
FNDA:36,(anonymous_2)
FNDA:36,(anonymous_3)
DA:20,3
DA:27,3
DA:32,3
DA:33,16
DA:34,16
DA:35,16
DA:37,16
DA:38,2
DA:40,16
DA:47,36
DA:58,36
LF:11
LH:11
BRF:0
BRH:0
end_of_record
TN:
SF:src/components/molecules/TextWithIcon/index.stories.tsx
FN:10,(anonymous_0)
FNF:1
FNH:0
FNDA:0,(anonymous_0)
DA:10,0
DA:11,0
DA:14,0
DA:15,0
LF:4
LH:0
BRF:0
BRH:0
end_of_record
TN:
SF:src/components/molecules/TextWithIcon/index.tsx
FN:26,(anonymous_0)
FNF:1
FNH:1
FNDA:2,(anonymous_0)
DA:26,1
DA:27,2
LF:2
LH:2
BRDA:32,0,0,1
BRDA:32,0,1,1
BRDA:46,1,0,1
BRDA:46,1,1,1
BRF:4
BRH:4
end_of_record
TN:
SF:src/components/organisms/BookCard/index.stories.tsx
FN:22,(anonymous_0)
FNF:1
FNH:0
FNDA:0,(anonymous_0)
DA:22,0
DA:23,0
DA:26,0
DA:27,0
LF:4
LH:0
BRF:0
BRH:0
end_of_record
TN:
SF:src/components/organisms/BookCard/index.tsx
FN:39,BookCard
FNF:1
FNH:1
FNDA:19,BookCard
DA:12,4
DA:40,19
DA:50,19
DA:51,19
LF:4
LH:4
BRDA:102,0,0,7
BRDA:102,0,1,12
BRDA:123,1,0,5
BRDA:123,1,1,14
BRDA:134,2,0,3
BRDA:134,2,1,11
BRDA:134,3,0,14
BRDA:134,3,1,14
BRDA:137,4,0,0
BRDA:137,4,1,3
BRDA:145,5,0,8
BRDA:145,5,1,11
BRDA:145,6,0,19
BRDA:145,6,1,14
BRDA:145,6,2,14
BRDA:149,7,0,5
BRDA:149,7,1,3
BRDA:150,8,0,3
BRDA:150,8,1,5
BRDA:152,9,0,11
BRDA:152,9,1,0
BRF:21
BRH:19
end_of_record
TN:
SF:src/components/organisms/Explore/index.stories.tsx
FN:13,(anonymous_0)
FNF:1
FNH:0
FNDA:0,(anonymous_0)
DA:13,0
LF:1
LH:0
BRF:0
BRH:0
end_of_record
TN:
SF:src/components/organisms/Explore/index.tsx
FN:28,(anonymous_0)
FN:32,(anonymous_1)
FN:35,(anonymous_2)
FN:40,(anonymous_3)
FN:106,(anonymous_4)
FN:114,(anonymous_5)
FNF:6
FNH:6
FNDA:33,(anonymous_0)
FNDA:24,(anonymous_1)
FNDA:11,(anonymous_2)
FNDA:24,(anonymous_3)
FNDA:21,(anonymous_4)
FNDA:126,(anonymous_5)
DA:9,5
DA:11,5
DA:28,5
DA:29,33
DA:30,33
DA:32,33
DA:33,24
DA:35,24
DA:36,11
DA:37,5
DA:40,24
DA:41,24
DA:45,33
DA:107,21
DA:115,126
LF:15
LH:15
BRDA:36,0,0,6
BRDA:36,0,1,5
BRDA:105,1,0,33
BRDA:105,1,1,0
BRF:4
BRH:3
end_of_record
TN:
SF:src/components/organisms/Footer/index.stories.tsx
FN:9,(anonymous_0)
FNF:1
FNH:0
FNDA:0,(anonymous_0)
DA:9,0
DA:11,0
DA:12,0
LF:3
LH:0
BRF:0
BRH:0
end_of_record
TN:
SF:src/components/organisms/Footer/index.tsx
FN:18,(anonymous_0)
FN:22,(anonymous_1)
FN:28,(anonymous_2)
FN:32,(anonymous_3)
FNF:4
FNH:3
FNDA:24,(anonymous_0)
FNDA:20,(anonymous_1)
FNDA:0,(anonymous_2)
FNDA:20,(anonymous_3)
DA:8,4
DA:18,4
DA:19,24
DA:22,24
DA:23,20
DA:24,20
DA:29,0
DA:30,0
DA:32,20
DA:33,20
DA:37,24
LF:11
LH:9
BRDA:29,0,0,0
BRDA:29,0,1,0
BRF:2
BRH:0
end_of_record
TN:
SF:src/components/organisms/Header/index.stories.tsx
FN:9,(anonymous_0)
FNF:1
FNH:0
FNDA:0,(anonymous_0)
DA:9,0
DA:11,0
DA:12,0
LF:3
LH:0
BRF:0
BRH:0
end_of_record
TN:
SF:src/components/organisms/Header/index.tsx
FN:43,(anonymous_0)
FN:50,(anonymous_1)
FN:54,(anonymous_2)
FN:63,(anonymous_3)
FNF:4
FNH:1
FNDA:26,(anonymous_0)
FNDA:0,(anonymous_1)
FNDA:0,(anonymous_2)
FNDA:0,(anonymous_3)
DA:14,4
DA:43,4
DA:44,26
DA:46,26
DA:49,26
DA:50,26
DA:51,0
DA:52,0
DA:54,26
DA:55,0
DA:58,0
DA:61,26
DA:62,26
DA:63,26
DA:64,0
DA:67,26
LF:16
LH:11
BRDA:55,0,0,0
BRDA:55,0,1,0
BRDA:119,1,0,0
BRDA:119,1,1,26
BRDA:121,2,0,0
BRDA:121,2,1,26
BRF:6
BRH:2
end_of_record
TN:
SF:src/components/templates/Entrepreneurship/index.tsx
FN:39,(anonymous_0)
FN:44,(anonymous_1)
FN:50,(anonymous_2)
FN:60,(anonymous_3)
FN:61,(anonymous_4)
FN:65,(anonymous_5)
FNF:6
FNH:3
FNDA:11,(anonymous_0)
FNDA:0,(anonymous_1)
FNDA:0,(anonymous_2)
FNDA:33,(anonymous_3)
FNDA:30,(anonymous_4)
FNDA:0,(anonymous_5)
DA:10,2
DA:39,2
DA:42,11
DA:43,11
DA:44,11
DA:45,0
DA:46,0
DA:51,0
DA:52,0
DA:55,0
DA:56,0
DA:60,11
DA:61,33
DA:62,30
DA:65,0
DA:74,11
LF:16
LH:9
BRDA:45,0,0,0
BRDA:45,0,1,0
BRDA:62,1,0,10
BRDA:62,1,1,20
BRF:4
BRH:2
end_of_record
TN:
SF:src/components/templates/MyLibrary/index.stories.tsx
FN:11,(anonymous_0)
FN:19,(anonymous_1)
FN:25,(anonymous_2)
FN:35,(anonymous_3)
FN:51,(anonymous_4)
FN:59,(anonymous_5)
FNF:6
FNH:0
FNDA:0,(anonymous_0)
FNDA:0,(anonymous_1)
FNDA:0,(anonymous_2)
FNDA:0,(anonymous_3)
FNDA:0,(anonymous_4)
FNDA:0,(anonymous_5)
DA:11,0
DA:12,0
DA:19,0
DA:20,0
DA:25,0
DA:26,0
DA:35,0
DA:36,0
DA:51,0
DA:52,0
DA:59,0
DA:60,0
DA:64,0
DA:65,0
LF:14
LH:0
BRF:0
BRH:0
end_of_record
TN:
SF:src/components/templates/MyLibrary/index.tsx
FN:21,(anonymous_0)
FNF:1
FNH:1
FNDA:9,(anonymous_0)
DA:5,2
DA:21,2
DA:22,9
DA:23,9
LF:4
LH:4
BRF:0
BRH:0
end_of_record
TN:
SF:src/pages/BookDetailView/index.stories.tsx
FN:9,(anonymous_0)
FNF:1
FNH:0
FNDA:0,(anonymous_0)
DA:9,0
DA:10,0
DA:14,0
DA:15,0
LF:4
LH:0
BRF:0
BRH:0
end_of_record
TN:
SF:src/pages/BookDetailView/index.tsx
FN:16,(anonymous_0)
FN:21,(anonymous_1)
FN:32,(anonymous_2)
FNF:3
FNH:1
FNDA:4,(anonymous_0)
FNDA:0,(anonymous_1)
FNDA:0,(anonymous_2)
DA:16,1
DA:17,4
DA:18,4
DA:19,4
DA:21,4
DA:22,0
DA:33,0
DA:34,0
DA:37,4
LF:9
LH:6
BRF:0
BRH:0
end_of_record
TN:
SF:src/pages/Entrepreneurship/index.stories.tsx
FN:9,(anonymous_0)
FNF:1
FNH:0
FNDA:0,(anonymous_0)
DA:9,0
DA:10,0
DA:14,0
DA:15,0
LF:4
LH:0
BRF:0
BRH:0
end_of_record
TN:
SF:src/pages/Entrepreneurship/index.tsx
FN:23,(anonymous_0)
FN:27,(anonymous_1)
FN:28,(anonymous_2)
FN:32,(anonymous_3)
FN:37,(anonymous_4)
FN:42,(anonymous_5)
FN:47,(anonymous_6)
FN:49,(anonymous_7)
FN:53,(anonymous_8)
FN:64,(anonymous_9)
FNF:10
FNH:7
FNDA:10,(anonymous_0)
FNDA:9,(anonymous_1)
FNDA:0,(anonymous_2)
FNDA:0,(anonymous_3)
FNDA:0,(anonymous_4)
FNDA:9,(anonymous_5)
FNDA:8,(anonymous_6)
FNDA:4,(anonymous_7)
FNDA:8,(anonymous_8)
FNDA:1,(anonymous_9)
DA:23,1
DA:24,10
DA:25,10
DA:27,10
DA:28,9
DA:29,0
DA:30,0
DA:33,0
DA:34,0
DA:37,0
DA:38,0
DA:42,9
DA:43,9
DA:47,10
DA:48,8
DA:49,8
DA:50,4
DA:51,1
DA:53,8
DA:54,8
DA:58,10
DA:65,1
LF:22
LH:16
BRDA:33,0,0,0
BRDA:33,0,1,0
BRDA:50,1,0,3
BRDA:50,1,1,1
BRF:4
BRH:2
end_of_record
TN:
SF:src/pages/MyLibrary/index.stories.tsx
FN:9,(anonymous_0)
FNF:1
FNH:0
FNDA:0,(anonymous_0)
DA:9,0
DA:10,0
DA:13,0
DA:14,0
LF:4
LH:0
BRF:0
BRH:0
end_of_record
TN:
SF:src/pages/MyLibrary/index.tsx
FN:36,(anonymous_0)
FN:40,(anonymous_1)
FN:42,(anonymous_2)
FN:46,(anonymous_3)
FN:69,(anonymous_4)
FN:86,(anonymous_5)
FNF:6
FNH:6
FNDA:8,(anonymous_0)
FNDA:6,(anonymous_1)
FNDA:5,(anonymous_2)
FNDA:6,(anonymous_3)
FNDA:18,(anonymous_4)
FNDA:18,(anonymous_5)
DA:11,1
DA:20,1
DA:36,1
DA:37,8
DA:38,8
DA:40,8
DA:41,6
DA:42,6
DA:43,5
DA:44,2
DA:46,6
DA:47,6
DA:51,8
DA:70,18
DA:87,18
LF:15
LH:15
BRDA:43,0,0,3
BRDA:43,0,1,2
BRDA:70,1,0,8
BRDA:70,1,1,10
BRDA:70,2,0,18
BRDA:70,2,1,14
BRDA:87,3,0,6
BRDA:87,3,1,12
BRDA:87,4,0,18
BRDA:87,4,1,14
BRF:10
BRH:10
end_of_record
TN:
SF:src/themes/index.ts
FNF:0
FNH:0
DA:61,16
LF:1
LH:1
BRF:0
BRH:0
end_of_record
